<?xml version="1.0" encoding="UTF-8"?>
<!-- Generated by org.testng.reporters.JUnitReportReporter -->
<testsuite hostname="DESKTOP-PP9JQ79" failures="0" tests="1" name="demoj.demo4test" time="0.000" errors="0" timestamp="2022-10-02T21:44:07 IST" skipped="0">
  <testcase classname="demoj.demo4test" name="demo4test" time="0.000"/>
  <system-out>
    <![CDATA[iam demo4]]>
  </system-out>
</testsuite> <!-- demoj.demo4test -->
