<?xml version="1.0" encoding="UTF-8"?>
<!-- Generated by org.testng.reporters.JUnitReportReporter -->
<testsuite hostname="DESKTOP-PP9JQ79" failures="0" tests="1" name="demoj.demo2test" time="0.008" errors="0" timestamp="2022-10-02T21:44:07 IST" skipped="0">
  <testcase classname="demoj.demo2test" name="demo2" time="0.008"/>
  <system-out>
    <![CDATA[hello demo2]]>
  </system-out>
</testsuite> <!-- demoj.demo2test -->
