<?xml version="1.0" encoding="UTF-8"?>
<!-- Generated by org.testng.reporters.JUnitReportReporter -->
<testsuite hostname="DESKTOP-PP9JQ79" failures="0" tests="1" name="demoj.demo1test" time="2.260" errors="0" timestamp="2022-08-30T23:31:38 IST" skipped="0">
  <testcase classname="demoj.demo1test" name="demo1test" time="2.260"/>
  <system-out/>
</testsuite> <!-- demoj.demo1test -->
